<?xml version="1.0" encoding="UTF-8"?>
<!-- Generated by org.testng.reporters.JUnitReportReporter -->
<testsuite skipped="0" hostname="SSundreshs-macbook-pro.local" name="com.test.task.QETestTask.UpdateCustomerTest" tests="2" failures="0" timestamp="14 Jun 2018 01:00:11 GMT" time="3.738" errors="0">
  <testcase name="updateExistingCustomer" time="1.763" classname="com.test.task.QETestTask.UpdateCustomerTest"/>
  <testcase name="updateNonExistingCustomer" time="1.975" classname="com.test.task.QETestTask.UpdateCustomerTest"/>
</testsuite> <!-- com.test.task.QETestTask.UpdateCustomerTest -->
